<?xml version="1.0" encoding="UTF-8"?>
<!-- Generated by org.testng.reporters.JUnitXMLReporter -->
<testsuite hostname="EngOps-3BRQXT2" ignored="0" name="Test" tests="3" failures="0" timestamp="2021-11-15T16:57:18 IST" time="8.224" errors="0">
  <testcase name="createjiraissue" time="3.944" classname="chaining.CreateJiraIssue_Fromfile"/>
  <testcase name="updatejiraissue" time="1.804" classname="chaining.UpdateJiraIssue_Fromfile"/>
  <testcase name="deleteissue" time="2.015" classname="chaining.DeleteIssue"/>
</testsuite> <!-- Test -->
